<?xml version="1.0" encoding="UTF-8"?>
<!-- Generated by org.testng.reporters.JUnitReportReporter -->
<testsuite skipped="0" hostname="DESKTOP-FPUFJP8" name="TestInfo.FlipKartTest" tests="4" failures="0" timestamp="23 Jan 2022 12:43:16 GMT" time="31.459" errors="0">
  <testcase name="selectDesireProductAndAddToCart" time="13.382" classname="TestInfo.FlipKartTest"/>
  <testcase name="launchBrowserAndProductSearch" time="9.025" classname="TestInfo.FlipKartTest"/>
  <testcase name="EnterAddressAndPaymentOptions" time="8.816" classname="TestInfo.FlipKartTest"/>
  <testcase name="toRemoveAddedItem" time="0.236" classname="TestInfo.FlipKartTest"/>
</testsuite> <!-- TestInfo.FlipKartTest -->
